<?xml version="1.0" encoding="UTF-8"?>
<testsuite name="RestaurantBillTest" tests="5" skipped="0" failures="0" errors="0" timestamp="2017-09-14T15:57:22" hostname="COMPOZED-G2-125" time="0.005">
  <properties/>
  <testcase name="allValuesAreCorrect" classname="RestaurantBillTest" time="0.004"/>
  <testcase name="calculate" classname="RestaurantBillTest" time="0.0"/>
  <testcase name="tax" classname="RestaurantBillTest" time="0.0"/>
  <testcase name="tip" classname="RestaurantBillTest" time="0.001"/>
  <testcase name="total" classname="RestaurantBillTest" time="0.0"/>
  <system-out><![CDATA[]]></system-out>
  <system-err><![CDATA[]]></system-err>
</testsuite>
